18:20:11 / GET
18:20:11 /favicon.ico GET
18:20:54 / GET
18:20:55 /favicon.ico GET
18:20:55 /favicon.ico GET
18:20:58 / GET
18:20:58 /about GET
18:21:01 /contacts GET
18:21:03 / GET
18:21:44 / GET
18:21:48 /about GET
18:21:51 /ab GET
18:21:54 / GET
18:56:38 /about GET
18:56:39 /contacts GET
18:56:40 / GET
18:56:41 /about GET
18:56:41 /contacts GET
18:56:43 / GET
11:43:14 /about GET
11:43:14 / GET
11:43:15 /contacts GET
11:43:16 / GET
11:43:17 /about GET
11:43:17 /contacts GET
11:43:20 /contacts GET
11:43:20 /about GET
11:43:21 / GET
11:43:21 /about GET
11:43:21 /contacts GET
